2025-08-08 20:07:24,046:WARNING:
'cuml' is a soft dependency and not included in the pycaret installation. Please run: `pip install cuml` to install.
2025-08-08 20:07:24,046:WARNING:
'cuml' is a soft dependency and not included in the pycaret installation. Please run: `pip install cuml` to install.
2025-08-08 20:07:24,046:WARNING:
'cuml' is a soft dependency and not included in the pycaret installation. Please run: `pip install cuml` to install.
2025-08-08 20:07:24,046:WARNING:
'cuml' is a soft dependency and not included in the pycaret installation. Please run: `pip install cuml` to install.
2025-08-08 20:22:23,685:WARNING:
'cuml' is a soft dependency and not included in the pycaret installation. Please run: `pip install cuml` to install.
2025-08-08 20:22:23,685:WARNING:
'cuml' is a soft dependency and not included in the pycaret installation. Please run: `pip install cuml` to install.
2025-08-08 20:22:23,685:WARNING:
'cuml' is a soft dependency and not included in the pycaret installation. Please run: `pip install cuml` to install.
2025-08-08 20:22:23,685:WARNING:
'cuml' is a soft dependency and not included in the pycaret installation. Please run: `pip install cuml` to install.
2025-08-08 20:23:15,995:WARNING:
'cuml' is a soft dependency and not included in the pycaret installation. Please run: `pip install cuml` to install.
2025-08-08 20:23:15,995:WARNING:
'cuml' is a soft dependency and not included in the pycaret installation. Please run: `pip install cuml` to install.
2025-08-08 20:23:15,995:WARNING:
'cuml' is a soft dependency and not included in the pycaret installation. Please run: `pip install cuml` to install.
2025-08-08 20:23:15,995:WARNING:
'cuml' is a soft dependency and not included in the pycaret installation. Please run: `pip install cuml` to install.
2025-08-08 20:24:40,212:WARNING:
'cuml' is a soft dependency and not included in the pycaret installation. Please run: `pip install cuml` to install.
2025-08-08 20:24:40,212:WARNING:
'cuml' is a soft dependency and not included in the pycaret installation. Please run: `pip install cuml` to install.
2025-08-08 20:24:40,212:WARNING:
'cuml' is a soft dependency and not included in the pycaret installation. Please run: `pip install cuml` to install.
2025-08-08 20:24:40,212:WARNING:
'cuml' is a soft dependency and not included in the pycaret installation. Please run: `pip install cuml` to install.
2025-08-08 20:24:41,363:INFO:PyCaret ClusteringExperiment
2025-08-08 20:24:41,363:INFO:Logging name: cluster-default-name
2025-08-08 20:24:41,363:INFO:ML Usecase: MLUsecase.CLUSTERING
2025-08-08 20:24:41,364:INFO:version 3.3.2
2025-08-08 20:24:41,364:INFO:Initializing setup()
2025-08-08 20:24:41,364:INFO:self.USI: 971f
2025-08-08 20:24:41,364:INFO:self._variable_keys: {'memory', 'n_jobs_param', 'pipeline', 'X', '_available_plots', '_ml_usecase', 'gpu_param', 'log_plots_param', 'exp_name_log', 'data', 'html_param', 'gpu_n_jobs_param', 'seed', 'USI', 'idx', 'exp_id', 'logging_param'}
2025-08-08 20:24:41,364:INFO:Checking environment
2025-08-08 20:24:41,364:INFO:python_version: 3.11.11
2025-08-08 20:24:41,364:INFO:python_build: ('main', 'Dec 11 2024 16:34:19')
2025-08-08 20:24:41,365:INFO:machine: AMD64
2025-08-08 20:24:41,399:INFO:platform: Windows-10-10.0.26100-SP0
2025-08-08 20:24:41,400:INFO:Memory: svmem(total=16849293312, available=767827968, percent=95.4, used=16081465344, free=767827968)
2025-08-08 20:24:41,400:INFO:Physical Core: 10
2025-08-08 20:24:41,400:INFO:Logical Core: 12
2025-08-08 20:24:41,400:INFO:Checking libraries
2025-08-08 20:24:41,400:INFO:System:
2025-08-08 20:24:41,400:INFO:    python: 3.11.11 | packaged by Anaconda, Inc. | (main, Dec 11 2024, 16:34:19) [MSC v.1929 64 bit (AMD64)]
2025-08-08 20:24:41,400:INFO:executable: C:\Users\baxiu\miniconda3\envs\od_zera_do_ai\python.exe
2025-08-08 20:24:41,400:INFO:   machine: Windows-10-10.0.26100-SP0
2025-08-08 20:24:41,400:INFO:PyCaret required dependencies:
2025-08-08 20:24:41,477:INFO:                 pip: 25.1.1
2025-08-08 20:24:41,477:INFO:          setuptools: 80.9.0
2025-08-08 20:24:41,477:INFO:             pycaret: 3.3.2
2025-08-08 20:24:41,477:INFO:             IPython: 8.30.0
2025-08-08 20:24:41,477:INFO:          ipywidgets: 8.1.5
2025-08-08 20:24:41,477:INFO:                tqdm: 4.67.1
2025-08-08 20:24:41,477:INFO:               numpy: 1.26.4
2025-08-08 20:24:41,477:INFO:              pandas: 1.5.3
2025-08-08 20:24:41,477:INFO:              jinja2: 3.1.6
2025-08-08 20:24:41,477:INFO:               scipy: 1.11.4
2025-08-08 20:24:41,477:INFO:              joblib: 1.5.1
2025-08-08 20:24:41,477:INFO:             sklearn: 1.4.2
2025-08-08 20:24:41,477:INFO:                pyod: 1.1.3
2025-08-08 20:24:41,477:INFO:            imblearn: 0.13.0
2025-08-08 20:24:41,477:INFO:   category_encoders: 2.6.3
2025-08-08 20:24:41,477:INFO:            lightgbm: 4.6.0
2025-08-08 20:24:41,477:INFO:               numba: 0.61.0
2025-08-08 20:24:41,477:INFO:            requests: 2.32.3
2025-08-08 20:24:41,477:INFO:          matplotlib: 3.9.2
2025-08-08 20:24:41,477:INFO:          scikitplot: 0.3.7
2025-08-08 20:24:41,477:INFO:         yellowbrick: 1.5
2025-08-08 20:24:41,477:INFO:              plotly: 5.24.1
2025-08-08 20:24:41,477:INFO:    plotly-resampler: Not installed
2025-08-08 20:24:41,477:INFO:             kaleido: 0.2.1
2025-08-08 20:24:41,477:INFO:           schemdraw: 0.15
2025-08-08 20:24:41,477:INFO:         statsmodels: 0.14.4
2025-08-08 20:24:41,477:INFO:              sktime: 0.26.0
2025-08-08 20:24:41,477:INFO:               tbats: 1.1.3
2025-08-08 20:24:41,477:INFO:            pmdarima: 2.0.4
2025-08-08 20:24:41,477:INFO:              psutil: 5.9.0
2025-08-08 20:24:41,477:INFO:          markupsafe: 3.0.2
2025-08-08 20:24:41,477:INFO:             pickle5: Not installed
2025-08-08 20:24:41,477:INFO:         cloudpickle: 3.1.1
2025-08-08 20:24:41,477:INFO:         deprecation: 2.1.0
2025-08-08 20:24:41,477:INFO:              xxhash: 3.5.0
2025-08-08 20:24:41,477:INFO:           wurlitzer: 3.1.1
2025-08-08 20:24:41,477:INFO:PyCaret optional dependencies:
2025-08-08 20:24:41,502:INFO:                shap: Not installed
2025-08-08 20:24:41,502:INFO:           interpret: Not installed
2025-08-08 20:24:41,502:INFO:                umap: Not installed
2025-08-08 20:24:41,502:INFO:     ydata_profiling: 4.16.1
2025-08-08 20:24:41,502:INFO:  explainerdashboard: Not installed
2025-08-08 20:24:41,502:INFO:             autoviz: Not installed
2025-08-08 20:24:41,502:INFO:           fairlearn: Not installed
2025-08-08 20:24:41,502:INFO:          deepchecks: Not installed
2025-08-08 20:24:41,502:INFO:             xgboost: Not installed
2025-08-08 20:24:41,502:INFO:            catboost: Not installed
2025-08-08 20:24:41,502:INFO:              kmodes: Not installed
2025-08-08 20:24:41,502:INFO:             mlxtend: Not installed
2025-08-08 20:24:41,502:INFO:       statsforecast: Not installed
2025-08-08 20:24:41,502:INFO:        tune_sklearn: Not installed
2025-08-08 20:24:41,502:INFO:                 ray: Not installed
2025-08-08 20:24:41,502:INFO:            hyperopt: Not installed
2025-08-08 20:24:41,502:INFO:              optuna: Not installed
2025-08-08 20:24:41,502:INFO:               skopt: Not installed
2025-08-08 20:24:41,502:INFO:              mlflow: Not installed
2025-08-08 20:24:41,502:INFO:              gradio: Not installed
2025-08-08 20:24:41,502:INFO:             fastapi: Not installed
2025-08-08 20:24:41,502:INFO:             uvicorn: Not installed
2025-08-08 20:24:41,502:INFO:              m2cgen: Not installed
2025-08-08 20:24:41,502:INFO:           evidently: Not installed
2025-08-08 20:24:41,502:INFO:               fugue: Not installed
2025-08-08 20:24:41,502:INFO:           streamlit: 1.47.0
2025-08-08 20:24:41,502:INFO:             prophet: Not installed
2025-08-08 20:24:41,502:INFO:None
2025-08-08 20:24:41,502:INFO:Set up data.
2025-08-08 20:24:41,509:INFO:Set up index.
2025-08-08 20:24:41,509:INFO:Assigning column types.
2025-08-08 20:24:41,509:INFO:Engine successfully changes for model 'kmeans' to 'sklearn'.
2025-08-08 20:24:41,509:INFO:Engine for model 'dbscan' has not been set explicitly, hence returning None.
2025-08-08 20:24:41,509:WARNING:
'kmodes' is a soft dependency and not included in the pycaret installation. Please run: `pip install kmodes` to install.
Alternately, you can install this by running `pip install pycaret[models]`
2025-08-08 20:24:41,509:INFO:Engine for model 'dbscan' has not been set explicitly, hence returning None.
2025-08-08 20:24:41,509:WARNING:
'kmodes' is a soft dependency and not included in the pycaret installation. Please run: `pip install kmodes` to install.
Alternately, you can install this by running `pip install pycaret[models]`
2025-08-08 20:24:41,509:INFO:Engine successfully changes for model 'dbscan' to 'sklearn'.
2025-08-08 20:24:41,509:WARNING:
'kmodes' is a soft dependency and not included in the pycaret installation. Please run: `pip install kmodes` to install.
Alternately, you can install this by running `pip install pycaret[models]`
2025-08-08 20:24:41,509:WARNING:
'kmodes' is a soft dependency and not included in the pycaret installation. Please run: `pip install kmodes` to install.
Alternately, you can install this by running `pip install pycaret[models]`
2025-08-08 20:24:41,509:INFO:Preparing preprocessing pipeline...
2025-08-08 20:24:41,509:INFO:Set up simple imputation.
2025-08-08 20:24:41,525:INFO:Set up encoding of ordinal features.
2025-08-08 20:24:41,525:INFO:Set up encoding of categorical features.
2025-08-08 20:24:41,525:INFO:Set up feature normalization.
2025-08-08 20:24:41,620:INFO:Finished creating preprocessing pipeline.
2025-08-08 20:24:41,638:INFO:Pipeline: Pipeline(memory=FastMemory(location=C:\Users\baxiu\AppData\Local\Temp\joblib),
         steps=[('numerical_imputer',
                 TransformerWrapper(include=[], transformer=SimpleImputer())),
                ('categorical_imputer',
                 TransformerWrapper(include=['age', 'edu_level', 'fav_animals',
                                             'fav_place', 'gender'],
                                    transformer=SimpleImputer(strategy='most_frequent'))),
                ('ordinal_encoding',
                 Trans...
                                                                         'data_type': dtype('O'),
                                                                         'mapping': Kobieta      0
M轅czyzna    1
NaN         -1
dtype: int64}]))),
                ('onehot_encoding',
                 TransformerWrapper(include=['age', 'edu_level', 'fav_animals',
                                             'fav_place'],
                                    transformer=OneHotEncoder(cols=['age',
                                                                    'edu_level',
                                                                    'fav_animals',
                                                                    'fav_place'],
                                                              handle_missing='return_nan',
                                                              use_cat_names=True))),
                ('normalize',
                 TransformerWrapper(transformer=StandardScaler()))])
2025-08-08 20:24:41,638:INFO:Creating final display dataframe.
2025-08-08 20:24:41,682:INFO:Setup _display_container:                  Description                 Value
0                 Session id                   123
1        Original data shape              (229, 5)
2     Transformed data shape             (229, 21)
3       Categorical features                     5
4   Rows with missing values                 13.1%
5                 Preprocess                  True
6            Imputation type                simple
7         Numeric imputation                  mean
8     Categorical imputation                  mode
9   Maximum one-hot encoding                    -1
10           Encoding method                  None
11                 Normalize                  True
12          Normalize method                zscore
13                  CPU Jobs                    -1
14                   Use GPU                 False
15            Log Experiment                 False
16           Experiment Name  cluster-default-name
17                       USI                  971f
2025-08-08 20:24:41,698:WARNING:
'kmodes' is a soft dependency and not included in the pycaret installation. Please run: `pip install kmodes` to install.
Alternately, you can install this by running `pip install pycaret[models]`
2025-08-08 20:24:41,698:WARNING:
'kmodes' is a soft dependency and not included in the pycaret installation. Please run: `pip install kmodes` to install.
Alternately, you can install this by running `pip install pycaret[models]`
2025-08-08 20:24:41,698:INFO:setup() successfully completed in 0.35s...............
2025-08-08 20:24:41,698:INFO:Initializing create_model()
2025-08-08 20:24:41,698:INFO:create_model(self=<pycaret.clustering.oop.ClusteringExperiment object at 0x000001BF2A59D190>, estimator=kmeans, num_clusters=3, fraction=0.05, ground_truth=None, round=4, fit_kwargs=None, experiment_custom_tags=None, verbose=True, system=True, add_to_model_list=True, raise_num_clusters=False, display=None, kwargs={})
2025-08-08 20:24:41,698:INFO:Checking exceptions
2025-08-08 20:24:41,772:INFO:Importing untrained model
2025-08-08 20:24:41,773:INFO:K-Means Clustering Imported successfully
2025-08-08 20:24:41,774:INFO:Fitting Model
2025-08-08 20:24:41,819:WARNING:C:\Users\baxiu\miniconda3\envs\od_zera_do_ai\Lib\site-packages\joblib\externals\loky\backend\context.py:110: UserWarning: Could not find the number of physical cores for the following reason:
[WinError 2] Nie mo퓆a odnale잍 okre쐋onego pliku
Returning the number of logical cores instead. You can silence this warning by setting LOKY_MAX_CPU_COUNT to the number of cores you want to use.
  warnings.warn(

2025-08-08 20:24:41,835:WARNING:  File "C:\Users\baxiu\miniconda3\envs\od_zera_do_ai\Lib\site-packages\joblib\externals\loky\backend\context.py", line 199, in _count_physical_cores
2025-08-08 20:24:41,835:WARNING:    cpu_info = subprocess.run(
2025-08-08 20:24:41,835:WARNING:               ^^^^^^^^^^^^^^^
2025-08-08 20:24:41,835:WARNING:  File "C:\Users\baxiu\miniconda3\envs\od_zera_do_ai\Lib\subprocess.py", line 548, in run
2025-08-08 20:24:41,835:WARNING:    with Popen(*popenargs, **kwargs) as process:
2025-08-08 20:24:41,835:WARNING:         ^^^^^^^^^^^^^^^^^^^^^^^^^^^
2025-08-08 20:24:41,835:WARNING:  File "C:\Users\baxiu\miniconda3\envs\od_zera_do_ai\Lib\subprocess.py", line 1026, in __init__
2025-08-08 20:24:41,835:WARNING:    self._execute_child(args, executable, preexec_fn, close_fds,
2025-08-08 20:24:41,835:WARNING:  File "C:\Users\baxiu\miniconda3\envs\od_zera_do_ai\Lib\subprocess.py", line 1538, in _execute_child
2025-08-08 20:24:41,835:WARNING:    hp, ht, pid, tid = _winapi.CreateProcess(executable, args,
2025-08-08 20:24:41,835:WARNING:                       ^^^^^^^^^^^^^^^^^^^^^^^^^^^^^^^^^^^^^^^
2025-08-08 20:24:42,640:WARNING:C:\Users\baxiu\miniconda3\envs\od_zera_do_ai\Lib\site-packages\sklearn\cluster\_kmeans.py:1446: UserWarning: KMeans is known to have a memory leak on Windows with MKL, when there are less chunks than available threads. You can avoid it by setting the environment variable OMP_NUM_THREADS=1.
  warnings.warn(

2025-08-08 20:24:42,713:INFO:KMeans(n_clusters=3, random_state=123)
2025-08-08 20:24:42,713:INFO:create_models() successfully completed......................................
2025-08-08 20:24:42,713:INFO:Uploading results into container
2025-08-08 20:24:42,717:INFO:Uploading model into container now
2025-08-08 20:24:42,726:INFO:_master_model_container: 1
2025-08-08 20:24:42,727:INFO:_display_container: 2
2025-08-08 20:24:42,727:INFO:KMeans(n_clusters=3, random_state=123)
2025-08-08 20:24:42,727:INFO:create_model() successfully completed......................................
2025-08-08 20:24:42,811:INFO:Initializing assign_model()
2025-08-08 20:24:42,811:INFO:assign_model(self=<pycaret.clustering.oop.ClusteringExperiment object at 0x000001BF2A59D190>, model=KMeans(n_clusters=3, random_state=123), transformation=False, score=True, verbose=True)
2025-08-08 20:24:42,811:INFO:Checking exceptions
2025-08-08 20:24:42,811:INFO:Determining Trained Model
2025-08-08 20:24:42,811:INFO:Trained Model : K-Means Clustering
2025-08-08 20:24:42,811:INFO:Copying data
2025-08-08 20:24:42,811:INFO:(229, 6)
2025-08-08 20:24:42,811:INFO:assign_model() successfully completed......................................
2025-08-08 20:24:42,850:INFO:Initializing save_model()
2025-08-08 20:24:42,850:INFO:save_model(model=KMeans(n_clusters=3, random_state=123), model_name=welcome_survey_clustering_pipeline_v2, prep_pipe_=Pipeline(memory=FastMemory(location=C:\Users\baxiu\AppData\Local\Temp\joblib),
         steps=[('numerical_imputer',
                 TransformerWrapper(include=[], transformer=SimpleImputer())),
                ('categorical_imputer',
                 TransformerWrapper(include=['age', 'edu_level', 'fav_animals',
                                             'fav_place', 'gender'],
                                    transformer=SimpleImputer(strategy='most_frequent'))),
                ('ordinal_encoding',
                 Trans...
                                                                         'data_type': dtype('O'),
                                                                         'mapping': Kobieta      0
M轅czyzna    1
NaN         -1
dtype: int64}]))),
                ('onehot_encoding',
                 TransformerWrapper(include=['age', 'edu_level', 'fav_animals',
                                             'fav_place'],
                                    transformer=OneHotEncoder(cols=['age',
                                                                    'edu_level',
                                                                    'fav_animals',
                                                                    'fav_place'],
                                                              handle_missing='return_nan',
                                                              use_cat_names=True))),
                ('normalize',
                 TransformerWrapper(transformer=StandardScaler()))]), verbose=True, use_case=MLUsecase.CLUSTERING, kwargs={})
2025-08-08 20:24:42,850:INFO:Adding model into prep_pipe
2025-08-08 20:24:42,862:INFO:welcome_survey_clustering_pipeline_v2.pkl saved in current working directory
2025-08-08 20:24:42,898:INFO:Pipeline(memory=Memory(location=None),
         steps=[('numerical_imputer',
                 TransformerWrapper(include=[], transformer=SimpleImputer())),
                ('categorical_imputer',
                 TransformerWrapper(include=['age', 'edu_level', 'fav_animals',
                                             'fav_place', 'gender'],
                                    transformer=SimpleImputer(strategy='most_frequent'))),
                ('ordinal_encoding',
                 TransformerWrapper(include=['gender'],
                                    transfo...
dtype: int64}]))),
                ('onehot_encoding',
                 TransformerWrapper(include=['age', 'edu_level', 'fav_animals',
                                             'fav_place'],
                                    transformer=OneHotEncoder(cols=['age',
                                                                    'edu_level',
                                                                    'fav_animals',
                                                                    'fav_place'],
                                                              handle_missing='return_nan',
                                                              use_cat_names=True))),
                ('normalize', TransformerWrapper(transformer=StandardScaler())),
                ('trained_model', KMeans(n_clusters=3, random_state=123))])
2025-08-08 20:24:42,898:INFO:save_model() successfully completed......................................
2025-08-08 20:29:40,197:WARNING:
'cuml' is a soft dependency and not included in the pycaret installation. Please run: `pip install cuml` to install.
2025-08-08 20:29:40,197:WARNING:
'cuml' is a soft dependency and not included in the pycaret installation. Please run: `pip install cuml` to install.
2025-08-08 20:29:40,197:WARNING:
'cuml' is a soft dependency and not included in the pycaret installation. Please run: `pip install cuml` to install.
2025-08-08 20:29:40,197:WARNING:
'cuml' is a soft dependency and not included in the pycaret installation. Please run: `pip install cuml` to install.
2025-08-08 20:29:45,336:INFO:Initializing load_model()
2025-08-08 20:29:45,336:INFO:load_model(model_name=welcome_survey_clustering_pipeline_v2, platform=None, authentication=None, verbose=True)
2025-08-08 20:37:01,087:WARNING:
'cuml' is a soft dependency and not included in the pycaret installation. Please run: `pip install cuml` to install.
2025-08-08 20:37:01,088:WARNING:
'cuml' is a soft dependency and not included in the pycaret installation. Please run: `pip install cuml` to install.
2025-08-08 20:37:01,088:WARNING:
'cuml' is a soft dependency and not included in the pycaret installation. Please run: `pip install cuml` to install.
2025-08-08 20:37:01,089:WARNING:
'cuml' is a soft dependency and not included in the pycaret installation. Please run: `pip install cuml` to install.
2025-08-08 20:37:02,028:INFO:PyCaret ClusteringExperiment
2025-08-08 20:37:02,028:INFO:Logging name: cluster-default-name
2025-08-08 20:37:02,028:INFO:ML Usecase: MLUsecase.CLUSTERING
2025-08-08 20:37:02,028:INFO:version 3.3.2
2025-08-08 20:37:02,028:INFO:Initializing setup()
2025-08-08 20:37:02,028:INFO:self.USI: c525
2025-08-08 20:37:02,028:INFO:self._variable_keys: {'gpu_param', 'memory', 'html_param', '_ml_usecase', 'logging_param', 'n_jobs_param', '_available_plots', 'exp_id', 'pipeline', 'exp_name_log', 'idx', 'USI', 'log_plots_param', 'gpu_n_jobs_param', 'seed', 'X', 'data'}
2025-08-08 20:37:02,028:INFO:Checking environment
2025-08-08 20:37:02,028:INFO:python_version: 3.11.11
2025-08-08 20:37:02,028:INFO:python_build: ('main', 'Dec 11 2024 16:34:19')
2025-08-08 20:37:02,028:INFO:machine: AMD64
2025-08-08 20:37:02,061:INFO:platform: Windows-10-10.0.26100-SP0
2025-08-08 20:37:02,061:INFO:Memory: svmem(total=16849293312, available=1209298944, percent=92.8, used=15639994368, free=1209298944)
2025-08-08 20:37:02,069:INFO:Physical Core: 10
2025-08-08 20:37:02,069:INFO:Logical Core: 12
2025-08-08 20:37:02,069:INFO:Checking libraries
2025-08-08 20:37:02,069:INFO:System:
2025-08-08 20:37:02,069:INFO:    python: 3.11.11 | packaged by Anaconda, Inc. | (main, Dec 11 2024, 16:34:19) [MSC v.1929 64 bit (AMD64)]
2025-08-08 20:37:02,069:INFO:executable: C:\Users\baxiu\miniconda3\envs\od_zera_do_ai\python.exe
2025-08-08 20:37:02,069:INFO:   machine: Windows-10-10.0.26100-SP0
2025-08-08 20:37:02,069:INFO:PyCaret required dependencies:
2025-08-08 20:37:02,120:INFO:                 pip: 25.1.1
2025-08-08 20:37:02,120:INFO:          setuptools: 80.9.0
2025-08-08 20:37:02,120:INFO:             pycaret: 3.3.2
2025-08-08 20:37:02,120:INFO:             IPython: 8.30.0
2025-08-08 20:37:02,120:INFO:          ipywidgets: 8.1.5
2025-08-08 20:37:02,120:INFO:                tqdm: 4.67.1
2025-08-08 20:37:02,120:INFO:               numpy: 1.26.4
2025-08-08 20:37:02,120:INFO:              pandas: 1.5.3
2025-08-08 20:37:02,120:INFO:              jinja2: 3.1.6
2025-08-08 20:37:02,120:INFO:               scipy: 1.11.4
2025-08-08 20:37:02,120:INFO:              joblib: 1.5.1
2025-08-08 20:37:02,120:INFO:             sklearn: 1.4.2
2025-08-08 20:37:02,120:INFO:                pyod: 1.1.3
2025-08-08 20:37:02,120:INFO:            imblearn: 0.13.0
2025-08-08 20:37:02,120:INFO:   category_encoders: 2.6.3
2025-08-08 20:37:02,120:INFO:            lightgbm: 4.6.0
2025-08-08 20:37:02,120:INFO:               numba: 0.61.0
2025-08-08 20:37:02,120:INFO:            requests: 2.32.3
2025-08-08 20:37:02,120:INFO:          matplotlib: 3.9.2
2025-08-08 20:37:02,120:INFO:          scikitplot: 0.3.7
2025-08-08 20:37:02,134:INFO:         yellowbrick: 1.5
2025-08-08 20:37:02,134:INFO:              plotly: 5.24.1
2025-08-08 20:37:02,134:INFO:    plotly-resampler: Not installed
2025-08-08 20:37:02,134:INFO:             kaleido: 0.2.1
2025-08-08 20:37:02,134:INFO:           schemdraw: 0.15
2025-08-08 20:37:02,134:INFO:         statsmodels: 0.14.4
2025-08-08 20:37:02,134:INFO:              sktime: 0.26.0
2025-08-08 20:37:02,134:INFO:               tbats: 1.1.3
2025-08-08 20:37:02,134:INFO:            pmdarima: 2.0.4
2025-08-08 20:37:02,134:INFO:              psutil: 5.9.0
2025-08-08 20:37:02,134:INFO:          markupsafe: 3.0.2
2025-08-08 20:37:02,134:INFO:             pickle5: Not installed
2025-08-08 20:37:02,134:INFO:         cloudpickle: 3.1.1
2025-08-08 20:37:02,134:INFO:         deprecation: 2.1.0
2025-08-08 20:37:02,134:INFO:              xxhash: 3.5.0
2025-08-08 20:37:02,134:INFO:           wurlitzer: 3.1.1
2025-08-08 20:37:02,134:INFO:PyCaret optional dependencies:
2025-08-08 20:37:02,134:INFO:                shap: Not installed
2025-08-08 20:37:02,134:INFO:           interpret: Not installed
2025-08-08 20:37:02,134:INFO:                umap: Not installed
2025-08-08 20:37:02,134:INFO:     ydata_profiling: 4.16.1
2025-08-08 20:37:02,134:INFO:  explainerdashboard: Not installed
2025-08-08 20:37:02,134:INFO:             autoviz: Not installed
2025-08-08 20:37:02,134:INFO:           fairlearn: Not installed
2025-08-08 20:37:02,134:INFO:          deepchecks: Not installed
2025-08-08 20:37:02,134:INFO:             xgboost: Not installed
2025-08-08 20:37:02,134:INFO:            catboost: Not installed
2025-08-08 20:37:02,134:INFO:              kmodes: Not installed
2025-08-08 20:37:02,134:INFO:             mlxtend: Not installed
2025-08-08 20:37:02,134:INFO:       statsforecast: Not installed
2025-08-08 20:37:02,134:INFO:        tune_sklearn: Not installed
2025-08-08 20:37:02,134:INFO:                 ray: Not installed
2025-08-08 20:37:02,134:INFO:            hyperopt: Not installed
2025-08-08 20:37:02,134:INFO:              optuna: Not installed
2025-08-08 20:37:02,134:INFO:               skopt: Not installed
2025-08-08 20:37:02,134:INFO:              mlflow: Not installed
2025-08-08 20:37:02,134:INFO:              gradio: Not installed
2025-08-08 20:37:02,134:INFO:             fastapi: Not installed
2025-08-08 20:37:02,134:INFO:             uvicorn: Not installed
2025-08-08 20:37:02,134:INFO:              m2cgen: Not installed
2025-08-08 20:37:02,134:INFO:           evidently: Not installed
2025-08-08 20:37:02,134:INFO:               fugue: Not installed
2025-08-08 20:37:02,134:INFO:           streamlit: 1.47.0
2025-08-08 20:37:02,134:INFO:             prophet: Not installed
2025-08-08 20:37:02,134:INFO:None
2025-08-08 20:37:02,134:INFO:Set up data.
2025-08-08 20:37:02,151:INFO:Set up index.
2025-08-08 20:37:02,151:INFO:Assigning column types.
2025-08-08 20:37:02,153:INFO:Engine successfully changes for model 'kmeans' to 'sklearn'.
2025-08-08 20:37:02,153:INFO:Engine for model 'dbscan' has not been set explicitly, hence returning None.
2025-08-08 20:37:02,153:WARNING:
'kmodes' is a soft dependency and not included in the pycaret installation. Please run: `pip install kmodes` to install.
Alternately, you can install this by running `pip install pycaret[models]`
2025-08-08 20:37:02,154:INFO:Engine for model 'dbscan' has not been set explicitly, hence returning None.
2025-08-08 20:37:02,154:WARNING:
'kmodes' is a soft dependency and not included in the pycaret installation. Please run: `pip install kmodes` to install.
Alternately, you can install this by running `pip install pycaret[models]`
2025-08-08 20:37:02,154:INFO:Engine successfully changes for model 'dbscan' to 'sklearn'.
2025-08-08 20:37:02,154:WARNING:
'kmodes' is a soft dependency and not included in the pycaret installation. Please run: `pip install kmodes` to install.
Alternately, you can install this by running `pip install pycaret[models]`
2025-08-08 20:37:02,154:WARNING:
'kmodes' is a soft dependency and not included in the pycaret installation. Please run: `pip install kmodes` to install.
Alternately, you can install this by running `pip install pycaret[models]`
2025-08-08 20:37:02,156:INFO:Preparing preprocessing pipeline...
2025-08-08 20:37:02,156:INFO:Set up simple imputation.
2025-08-08 20:37:02,158:INFO:Set up encoding of ordinal features.
2025-08-08 20:37:02,159:INFO:Set up encoding of categorical features.
2025-08-08 20:37:02,159:INFO:Set up feature normalization.
2025-08-08 20:37:02,223:INFO:Finished creating preprocessing pipeline.
2025-08-08 20:37:02,248:INFO:Pipeline: Pipeline(memory=FastMemory(location=C:\Users\baxiu\AppData\Local\Temp\joblib),
         steps=[('numerical_imputer',
                 TransformerWrapper(include=[], transformer=SimpleImputer())),
                ('categorical_imputer',
                 TransformerWrapper(include=['age', 'edu_level', 'fav_animals',
                                             'fav_place', 'gender'],
                                    transformer=SimpleImputer(strategy='most_frequent'))),
                ('ordinal_encoding',
                 Trans...
                                                                         'data_type': dtype('O'),
                                                                         'mapping': Kobieta      0
M轅czyzna    1
NaN         -1
dtype: int64}]))),
                ('onehot_encoding',
                 TransformerWrapper(include=['age', 'edu_level', 'fav_animals',
                                             'fav_place'],
                                    transformer=OneHotEncoder(cols=['age',
                                                                    'edu_level',
                                                                    'fav_animals',
                                                                    'fav_place'],
                                                              handle_missing='return_nan',
                                                              use_cat_names=True))),
                ('normalize',
                 TransformerWrapper(transformer=StandardScaler()))])
2025-08-08 20:37:02,248:INFO:Creating final display dataframe.
2025-08-08 20:37:02,286:INFO:Setup _display_container:                  Description                 Value
0                 Session id                   123
1        Original data shape              (229, 5)
2     Transformed data shape             (229, 21)
3       Categorical features                     5
4   Rows with missing values                 13.1%
5                 Preprocess                  True
6            Imputation type                simple
7         Numeric imputation                  mean
8     Categorical imputation                  mode
9   Maximum one-hot encoding                    -1
10           Encoding method                  None
11                 Normalize                  True
12          Normalize method                zscore
13                  CPU Jobs                    -1
14                   Use GPU                 False
15            Log Experiment                 False
16           Experiment Name  cluster-default-name
17                       USI                  c525
2025-08-08 20:37:02,286:WARNING:
'kmodes' is a soft dependency and not included in the pycaret installation. Please run: `pip install kmodes` to install.
Alternately, you can install this by running `pip install pycaret[models]`
2025-08-08 20:37:02,286:WARNING:
'kmodes' is a soft dependency and not included in the pycaret installation. Please run: `pip install kmodes` to install.
Alternately, you can install this by running `pip install pycaret[models]`
2025-08-08 20:37:02,286:INFO:setup() successfully completed in 0.26s...............
2025-08-08 20:37:02,286:INFO:Initializing create_model()
2025-08-08 20:37:02,286:INFO:create_model(self=<pycaret.clustering.oop.ClusteringExperiment object at 0x000002267799D650>, estimator=kmeans, num_clusters=3, fraction=0.05, ground_truth=None, round=4, fit_kwargs=None, experiment_custom_tags=None, verbose=True, system=True, add_to_model_list=True, raise_num_clusters=False, display=None, kwargs={})
2025-08-08 20:37:02,286:INFO:Checking exceptions
2025-08-08 20:37:02,338:INFO:Importing untrained model
2025-08-08 20:37:02,339:INFO:K-Means Clustering Imported successfully
2025-08-08 20:37:02,339:INFO:Fitting Model
2025-08-08 20:37:02,376:WARNING:C:\Users\baxiu\miniconda3\envs\od_zera_do_ai\Lib\site-packages\joblib\externals\loky\backend\context.py:110: UserWarning: Could not find the number of physical cores for the following reason:
[WinError 2] Nie mo퓆a odnale잍 okre쐋onego pliku
Returning the number of logical cores instead. You can silence this warning by setting LOKY_MAX_CPU_COUNT to the number of cores you want to use.
  warnings.warn(

2025-08-08 20:37:02,376:WARNING:  File "C:\Users\baxiu\miniconda3\envs\od_zera_do_ai\Lib\site-packages\joblib\externals\loky\backend\context.py", line 199, in _count_physical_cores
2025-08-08 20:37:02,376:WARNING:    cpu_info = subprocess.run(
2025-08-08 20:37:02,376:WARNING:               ^^^^^^^^^^^^^^^
2025-08-08 20:37:02,376:WARNING:  File "C:\Users\baxiu\miniconda3\envs\od_zera_do_ai\Lib\subprocess.py", line 548, in run
2025-08-08 20:37:02,376:WARNING:    with Popen(*popenargs, **kwargs) as process:
2025-08-08 20:37:02,376:WARNING:         ^^^^^^^^^^^^^^^^^^^^^^^^^^^
2025-08-08 20:37:02,376:WARNING:  File "C:\Users\baxiu\miniconda3\envs\od_zera_do_ai\Lib\subprocess.py", line 1026, in __init__
2025-08-08 20:37:02,376:WARNING:    self._execute_child(args, executable, preexec_fn, close_fds,
2025-08-08 20:37:02,376:WARNING:  File "C:\Users\baxiu\miniconda3\envs\od_zera_do_ai\Lib\subprocess.py", line 1538, in _execute_child
2025-08-08 20:37:02,376:WARNING:    hp, ht, pid, tid = _winapi.CreateProcess(executable, args,
2025-08-08 20:37:02,376:WARNING:                       ^^^^^^^^^^^^^^^^^^^^^^^^^^^^^^^^^^^^^^^
2025-08-08 20:37:02,471:WARNING:C:\Users\baxiu\miniconda3\envs\od_zera_do_ai\Lib\site-packages\sklearn\cluster\_kmeans.py:1446: UserWarning: KMeans is known to have a memory leak on Windows with MKL, when there are less chunks than available threads. You can avoid it by setting the environment variable OMP_NUM_THREADS=1.
  warnings.warn(

2025-08-08 20:37:02,540:INFO:KMeans(n_clusters=3, random_state=123)
2025-08-08 20:37:02,540:INFO:create_models() successfully completed......................................
2025-08-08 20:37:02,541:INFO:Uploading results into container
2025-08-08 20:37:02,543:INFO:Uploading model into container now
2025-08-08 20:37:02,550:INFO:_master_model_container: 1
2025-08-08 20:37:02,552:INFO:_display_container: 2
2025-08-08 20:37:02,552:INFO:KMeans(n_clusters=3, random_state=123)
2025-08-08 20:37:02,552:INFO:create_model() successfully completed......................................
2025-08-08 20:37:02,626:INFO:Initializing assign_model()
2025-08-08 20:37:02,626:INFO:assign_model(self=<pycaret.clustering.oop.ClusteringExperiment object at 0x000002267799D650>, model=KMeans(n_clusters=3, random_state=123), transformation=False, score=True, verbose=True)
2025-08-08 20:37:02,626:INFO:Checking exceptions
2025-08-08 20:37:02,626:INFO:Determining Trained Model
2025-08-08 20:37:02,626:INFO:Trained Model : K-Means Clustering
2025-08-08 20:37:02,626:INFO:Copying data
2025-08-08 20:37:02,626:INFO:(229, 6)
2025-08-08 20:37:02,626:INFO:assign_model() successfully completed......................................
2025-08-08 20:37:02,646:INFO:Initializing save_model()
2025-08-08 20:37:02,646:INFO:save_model(model=KMeans(n_clusters=3, random_state=123), model_name=welcome_survey_clustering_pipeline_v2, prep_pipe_=Pipeline(memory=FastMemory(location=C:\Users\baxiu\AppData\Local\Temp\joblib),
         steps=[('numerical_imputer',
                 TransformerWrapper(include=[], transformer=SimpleImputer())),
                ('categorical_imputer',
                 TransformerWrapper(include=['age', 'edu_level', 'fav_animals',
                                             'fav_place', 'gender'],
                                    transformer=SimpleImputer(strategy='most_frequent'))),
                ('ordinal_encoding',
                 Trans...
                                                                         'data_type': dtype('O'),
                                                                         'mapping': Kobieta      0
M轅czyzna    1
NaN         -1
dtype: int64}]))),
                ('onehot_encoding',
                 TransformerWrapper(include=['age', 'edu_level', 'fav_animals',
                                             'fav_place'],
                                    transformer=OneHotEncoder(cols=['age',
                                                                    'edu_level',
                                                                    'fav_animals',
                                                                    'fav_place'],
                                                              handle_missing='return_nan',
                                                              use_cat_names=True))),
                ('normalize',
                 TransformerWrapper(transformer=StandardScaler()))]), verbose=True, use_case=MLUsecase.CLUSTERING, kwargs={})
2025-08-08 20:37:02,646:INFO:Adding model into prep_pipe
2025-08-08 20:37:02,652:INFO:welcome_survey_clustering_pipeline_v2.pkl saved in current working directory
2025-08-08 20:37:02,679:INFO:Pipeline(memory=Memory(location=None),
         steps=[('numerical_imputer',
                 TransformerWrapper(include=[], transformer=SimpleImputer())),
                ('categorical_imputer',
                 TransformerWrapper(include=['age', 'edu_level', 'fav_animals',
                                             'fav_place', 'gender'],
                                    transformer=SimpleImputer(strategy='most_frequent'))),
                ('ordinal_encoding',
                 TransformerWrapper(include=['gender'],
                                    transfo...
dtype: int64}]))),
                ('onehot_encoding',
                 TransformerWrapper(include=['age', 'edu_level', 'fav_animals',
                                             'fav_place'],
                                    transformer=OneHotEncoder(cols=['age',
                                                                    'edu_level',
                                                                    'fav_animals',
                                                                    'fav_place'],
                                                              handle_missing='return_nan',
                                                              use_cat_names=True))),
                ('normalize', TransformerWrapper(transformer=StandardScaler())),
                ('trained_model', KMeans(n_clusters=3, random_state=123))])
2025-08-08 20:37:02,679:INFO:save_model() successfully completed......................................
2025-08-08 20:50:26,445:WARNING:
'cuml' is a soft dependency and not included in the pycaret installation. Please run: `pip install cuml` to install.
2025-08-08 20:50:26,446:WARNING:
'cuml' is a soft dependency and not included in the pycaret installation. Please run: `pip install cuml` to install.
2025-08-08 20:50:26,446:WARNING:
'cuml' is a soft dependency and not included in the pycaret installation. Please run: `pip install cuml` to install.
2025-08-08 20:50:26,446:WARNING:
'cuml' is a soft dependency and not included in the pycaret installation. Please run: `pip install cuml` to install.
2025-08-08 20:50:30,717:INFO:Initializing load_model()
2025-08-08 20:50:30,717:INFO:load_model(model_name=welcome_survey_clustering_pipeline_v2, platform=None, authentication=None, verbose=True)
2025-08-08 20:50:31,163:INFO:Initializing predict_model()
2025-08-08 20:50:31,163:INFO:predict_model(self=<pycaret.clustering.oop.ClusteringExperiment object at 0x00000271272E4F90>, estimator=Pipeline(memory=Memory(location=None),
         steps=[('numerical_imputer',
                 TransformerWrapper(include=[], transformer=SimpleImputer())),
                ('categorical_imputer',
                 TransformerWrapper(include=['age', 'edu_level', 'fav_animals',
                                             'fav_place', 'gender'],
                                    transformer=SimpleImputer(strategy='most_frequent'))),
                ('ordinal_encoding',
                 TransformerWrapper(include=['gender'],
                                    transfo...
dtype: int64}]))),
                ('onehot_encoding',
                 TransformerWrapper(include=['age', 'edu_level', 'fav_animals',
                                             'fav_place'],
                                    transformer=OneHotEncoder(cols=['age',
                                                                    'edu_level',
                                                                    'fav_animals',
                                                                    'fav_place'],
                                                              handle_missing='return_nan',
                                                              use_cat_names=True))),
                ('normalize', TransformerWrapper(transformer=StandardScaler())),
                ('trained_model', KMeans(n_clusters=3, random_state=123))]), ml_usecase=None)
2025-08-08 20:50:31,163:INFO:Set up data.
2025-08-08 20:50:31,717:INFO:Initializing predict_model()
2025-08-08 20:50:31,717:INFO:predict_model(self=<pycaret.clustering.oop.ClusteringExperiment object at 0x000002712707B590>, estimator=Pipeline(memory=Memory(location=None),
         steps=[('numerical_imputer',
                 TransformerWrapper(include=[], transformer=SimpleImputer())),
                ('categorical_imputer',
                 TransformerWrapper(include=['age', 'edu_level', 'fav_animals',
                                             'fav_place', 'gender'],
                                    transformer=SimpleImputer(strategy='most_frequent'))),
                ('ordinal_encoding',
                 TransformerWrapper(include=['gender'],
                                    transfo...
dtype: int64}]))),
                ('onehot_encoding',
                 TransformerWrapper(include=['age', 'edu_level', 'fav_animals',
                                             'fav_place'],
                                    transformer=OneHotEncoder(cols=['age',
                                                                    'edu_level',
                                                                    'fav_animals',
                                                                    'fav_place'],
                                                              handle_missing='return_nan',
                                                              use_cat_names=True))),
                ('normalize', TransformerWrapper(transformer=StandardScaler())),
                ('trained_model', KMeans(n_clusters=3, random_state=123))]), ml_usecase=None)
2025-08-08 20:50:31,717:INFO:Set up data.
2025-08-08 20:50:50,324:INFO:Initializing predict_model()
2025-08-08 20:50:50,324:INFO:predict_model(self=<pycaret.clustering.oop.ClusteringExperiment object at 0x0000027128D0DD10>, estimator=Pipeline(memory=Memory(location=None),
         steps=[('numerical_imputer',
                 TransformerWrapper(include=[], transformer=SimpleImputer())),
                ('categorical_imputer',
                 TransformerWrapper(include=['age', 'edu_level', 'fav_animals',
                                             'fav_place', 'gender'],
                                    transformer=SimpleImputer(strategy='most_frequent'))),
                ('ordinal_encoding',
                 TransformerWrapper(include=['gender'],
                                    transfo...
dtype: int64}]))),
                ('onehot_encoding',
                 TransformerWrapper(include=['age', 'edu_level', 'fav_animals',
                                             'fav_place'],
                                    transformer=OneHotEncoder(cols=['age',
                                                                    'edu_level',
                                                                    'fav_animals',
                                                                    'fav_place'],
                                                              handle_missing='return_nan',
                                                              use_cat_names=True))),
                ('normalize', TransformerWrapper(transformer=StandardScaler())),
                ('trained_model', KMeans(n_clusters=3, random_state=123))]), ml_usecase=None)
2025-08-08 20:50:50,324:INFO:Set up data.
2025-08-08 20:50:50,471:INFO:Initializing predict_model()
2025-08-08 20:50:50,471:INFO:predict_model(self=<pycaret.clustering.oop.ClusteringExperiment object at 0x0000027128D34CD0>, estimator=Pipeline(memory=Memory(location=None),
         steps=[('numerical_imputer',
                 TransformerWrapper(include=[], transformer=SimpleImputer())),
                ('categorical_imputer',
                 TransformerWrapper(include=['age', 'edu_level', 'fav_animals',
                                             'fav_place', 'gender'],
                                    transformer=SimpleImputer(strategy='most_frequent'))),
                ('ordinal_encoding',
                 TransformerWrapper(include=['gender'],
                                    transfo...
dtype: int64}]))),
                ('onehot_encoding',
                 TransformerWrapper(include=['age', 'edu_level', 'fav_animals',
                                             'fav_place'],
                                    transformer=OneHotEncoder(cols=['age',
                                                                    'edu_level',
                                                                    'fav_animals',
                                                                    'fav_place'],
                                                              handle_missing='return_nan',
                                                              use_cat_names=True))),
                ('normalize', TransformerWrapper(transformer=StandardScaler())),
                ('trained_model', KMeans(n_clusters=3, random_state=123))]), ml_usecase=None)
2025-08-08 20:50:50,471:INFO:Set up data.
2025-08-08 21:03:38,509:WARNING:
'cuml' is a soft dependency and not included in the pycaret installation. Please run: `pip install cuml` to install.
2025-08-08 21:03:38,510:WARNING:
'cuml' is a soft dependency and not included in the pycaret installation. Please run: `pip install cuml` to install.
2025-08-08 21:03:38,510:WARNING:
'cuml' is a soft dependency and not included in the pycaret installation. Please run: `pip install cuml` to install.
2025-08-08 21:03:38,510:WARNING:
'cuml' is a soft dependency and not included in the pycaret installation. Please run: `pip install cuml` to install.
2025-08-08 21:03:43,539:INFO:Initializing load_model()
2025-08-08 21:03:43,540:INFO:load_model(model_name=welcome_survey_clustering_pipeline_v2, platform=None, authentication=None, verbose=True)
2025-08-08 21:03:43,977:INFO:Initializing predict_model()
2025-08-08 21:03:43,977:INFO:predict_model(self=<pycaret.clustering.oop.ClusteringExperiment object at 0x000001FC499AF310>, estimator=Pipeline(memory=Memory(location=None),
         steps=[('numerical_imputer',
                 TransformerWrapper(include=[], transformer=SimpleImputer())),
                ('categorical_imputer',
                 TransformerWrapper(include=['age', 'edu_level', 'fav_animals',
                                             'fav_place', 'gender'],
                                    transformer=SimpleImputer(strategy='most_frequent'))),
                ('ordinal_encoding',
                 TransformerWrapper(include=['gender'],
                                    transfo...
dtype: int64}]))),
                ('onehot_encoding',
                 TransformerWrapper(include=['age', 'edu_level', 'fav_animals',
                                             'fav_place'],
                                    transformer=OneHotEncoder(cols=['age',
                                                                    'edu_level',
                                                                    'fav_animals',
                                                                    'fav_place'],
                                                              handle_missing='return_nan',
                                                              use_cat_names=True))),
                ('normalize', TransformerWrapper(transformer=StandardScaler())),
                ('trained_model', KMeans(n_clusters=3, random_state=123))]), ml_usecase=None)
2025-08-08 21:03:43,977:INFO:Set up data.
2025-08-08 21:03:44,513:INFO:Initializing predict_model()
2025-08-08 21:03:44,513:INFO:predict_model(self=<pycaret.clustering.oop.ClusteringExperiment object at 0x000001FC49999410>, estimator=Pipeline(memory=Memory(location=None),
         steps=[('numerical_imputer',
                 TransformerWrapper(include=[], transformer=SimpleImputer())),
                ('categorical_imputer',
                 TransformerWrapper(include=['age', 'edu_level', 'fav_animals',
                                             'fav_place', 'gender'],
                                    transformer=SimpleImputer(strategy='most_frequent'))),
                ('ordinal_encoding',
                 TransformerWrapper(include=['gender'],
                                    transfo...
dtype: int64}]))),
                ('onehot_encoding',
                 TransformerWrapper(include=['age', 'edu_level', 'fav_animals',
                                             'fav_place'],
                                    transformer=OneHotEncoder(cols=['age',
                                                                    'edu_level',
                                                                    'fav_animals',
                                                                    'fav_place'],
                                                              handle_missing='return_nan',
                                                              use_cat_names=True))),
                ('normalize', TransformerWrapper(transformer=StandardScaler())),
                ('trained_model', KMeans(n_clusters=3, random_state=123))]), ml_usecase=None)
2025-08-08 21:03:44,513:INFO:Set up data.
2025-08-08 21:19:45,603:WARNING:
'cuml' is a soft dependency and not included in the pycaret installation. Please run: `pip install cuml` to install.
2025-08-08 21:19:45,605:WARNING:
'cuml' is a soft dependency and not included in the pycaret installation. Please run: `pip install cuml` to install.
2025-08-08 21:19:45,605:WARNING:
'cuml' is a soft dependency and not included in the pycaret installation. Please run: `pip install cuml` to install.
2025-08-08 21:19:45,605:WARNING:
'cuml' is a soft dependency and not included in the pycaret installation. Please run: `pip install cuml` to install.
2025-08-08 21:19:51,843:INFO:Initializing load_model()
2025-08-08 21:19:51,843:INFO:load_model(model_name=welcome_survey_clustering_pipeline_v2, platform=None, authentication=None, verbose=True)
2025-08-08 21:19:52,193:INFO:Initializing predict_model()
2025-08-08 21:19:52,193:INFO:predict_model(self=<pycaret.clustering.oop.ClusteringExperiment object at 0x00000279193D3D90>, estimator=Pipeline(memory=Memory(location=None),
         steps=[('numerical_imputer',
                 TransformerWrapper(include=[], transformer=SimpleImputer())),
                ('categorical_imputer',
                 TransformerWrapper(include=['age', 'edu_level', 'fav_animals',
                                             'fav_place', 'gender'],
                                    transformer=SimpleImputer(strategy='most_frequent'))),
                ('ordinal_encoding',
                 TransformerWrapper(include=['gender'],
                                    transfo...
dtype: int64}]))),
                ('onehot_encoding',
                 TransformerWrapper(include=['age', 'edu_level', 'fav_animals',
                                             'fav_place'],
                                    transformer=OneHotEncoder(cols=['age',
                                                                    'edu_level',
                                                                    'fav_animals',
                                                                    'fav_place'],
                                                              handle_missing='return_nan',
                                                              use_cat_names=True))),
                ('normalize', TransformerWrapper(transformer=StandardScaler())),
                ('trained_model', KMeans(n_clusters=3, random_state=123))]), ml_usecase=None)
2025-08-08 21:19:52,193:INFO:Set up data.
2025-08-08 21:19:52,765:INFO:Initializing predict_model()
2025-08-08 21:19:52,765:INFO:predict_model(self=<pycaret.clustering.oop.ClusteringExperiment object at 0x0000027918A92F50>, estimator=Pipeline(memory=Memory(location=None),
         steps=[('numerical_imputer',
                 TransformerWrapper(include=[], transformer=SimpleImputer())),
                ('categorical_imputer',
                 TransformerWrapper(include=['age', 'edu_level', 'fav_animals',
                                             'fav_place', 'gender'],
                                    transformer=SimpleImputer(strategy='most_frequent'))),
                ('ordinal_encoding',
                 TransformerWrapper(include=['gender'],
                                    transfo...
dtype: int64}]))),
                ('onehot_encoding',
                 TransformerWrapper(include=['age', 'edu_level', 'fav_animals',
                                             'fav_place'],
                                    transformer=OneHotEncoder(cols=['age',
                                                                    'edu_level',
                                                                    'fav_animals',
                                                                    'fav_place'],
                                                              handle_missing='return_nan',
                                                              use_cat_names=True))),
                ('normalize', TransformerWrapper(transformer=StandardScaler())),
                ('trained_model', KMeans(n_clusters=3, random_state=123))]), ml_usecase=None)
2025-08-08 21:19:52,765:INFO:Set up data.
2025-08-08 21:25:52,272:WARNING:
'cuml' is a soft dependency and not included in the pycaret installation. Please run: `pip install cuml` to install.
2025-08-08 21:25:52,272:WARNING:
'cuml' is a soft dependency and not included in the pycaret installation. Please run: `pip install cuml` to install.
2025-08-08 21:25:52,272:WARNING:
'cuml' is a soft dependency and not included in the pycaret installation. Please run: `pip install cuml` to install.
2025-08-08 21:25:52,272:WARNING:
'cuml' is a soft dependency and not included in the pycaret installation. Please run: `pip install cuml` to install.
2025-08-08 21:25:56,629:INFO:Initializing load_model()
2025-08-08 21:25:56,641:INFO:load_model(model_name=welcome_survey_clustering_pipeline_v2, platform=None, authentication=None, verbose=True)
2025-08-08 21:25:57,212:INFO:Initializing predict_model()
2025-08-08 21:25:57,212:INFO:predict_model(self=<pycaret.clustering.oop.ClusteringExperiment object at 0x00000239BEEE7C10>, estimator=Pipeline(memory=Memory(location=None),
         steps=[('numerical_imputer',
                 TransformerWrapper(include=[], transformer=SimpleImputer())),
                ('categorical_imputer',
                 TransformerWrapper(include=['age', 'edu_level', 'fav_animals',
                                             'fav_place', 'gender'],
                                    transformer=SimpleImputer(strategy='most_frequent'))),
                ('ordinal_encoding',
                 TransformerWrapper(include=['gender'],
                                    transfo...
dtype: int64}]))),
                ('onehot_encoding',
                 TransformerWrapper(include=['age', 'edu_level', 'fav_animals',
                                             'fav_place'],
                                    transformer=OneHotEncoder(cols=['age',
                                                                    'edu_level',
                                                                    'fav_animals',
                                                                    'fav_place'],
                                                              handle_missing='return_nan',
                                                              use_cat_names=True))),
                ('normalize', TransformerWrapper(transformer=StandardScaler())),
                ('trained_model', KMeans(n_clusters=3, random_state=123))]), ml_usecase=None)
2025-08-08 21:25:57,212:INFO:Set up data.
2025-08-08 21:32:25,402:WARNING:
'cuml' is a soft dependency and not included in the pycaret installation. Please run: `pip install cuml` to install.
2025-08-08 21:32:25,402:WARNING:
'cuml' is a soft dependency and not included in the pycaret installation. Please run: `pip install cuml` to install.
2025-08-08 21:32:25,402:WARNING:
'cuml' is a soft dependency and not included in the pycaret installation. Please run: `pip install cuml` to install.
2025-08-08 21:32:25,404:WARNING:
'cuml' is a soft dependency and not included in the pycaret installation. Please run: `pip install cuml` to install.
2025-08-08 21:32:30,797:INFO:Initializing load_model()
2025-08-08 21:32:30,813:INFO:load_model(model_name=welcome_survey_clustering_pipeline_v2, platform=None, authentication=None, verbose=True)
2025-08-08 21:32:31,171:INFO:Initializing predict_model()
2025-08-08 21:32:31,171:INFO:predict_model(self=<pycaret.clustering.oop.ClusteringExperiment object at 0x000002388D244990>, estimator=Pipeline(memory=Memory(location=None),
         steps=[('numerical_imputer',
                 TransformerWrapper(include=[], transformer=SimpleImputer())),
                ('categorical_imputer',
                 TransformerWrapper(include=['age', 'edu_level', 'fav_animals',
                                             'fav_place', 'gender'],
                                    transformer=SimpleImputer(strategy='most_frequent'))),
                ('ordinal_encoding',
                 TransformerWrapper(include=['gender'],
                                    transfo...
dtype: int64}]))),
                ('onehot_encoding',
                 TransformerWrapper(include=['age', 'edu_level', 'fav_animals',
                                             'fav_place'],
                                    transformer=OneHotEncoder(cols=['age',
                                                                    'edu_level',
                                                                    'fav_animals',
                                                                    'fav_place'],
                                                              handle_missing='return_nan',
                                                              use_cat_names=True))),
                ('normalize', TransformerWrapper(transformer=StandardScaler())),
                ('trained_model', KMeans(n_clusters=3, random_state=123))]), ml_usecase=None)
2025-08-08 21:32:31,171:INFO:Set up data.
2025-08-08 21:32:31,647:INFO:Initializing predict_model()
2025-08-08 21:32:31,647:INFO:predict_model(self=<pycaret.clustering.oop.ClusteringExperiment object at 0x000002388D4A48D0>, estimator=Pipeline(memory=Memory(location=None),
         steps=[('numerical_imputer',
                 TransformerWrapper(include=[], transformer=SimpleImputer())),
                ('categorical_imputer',
                 TransformerWrapper(include=['age', 'edu_level', 'fav_animals',
                                             'fav_place', 'gender'],
                                    transformer=SimpleImputer(strategy='most_frequent'))),
                ('ordinal_encoding',
                 TransformerWrapper(include=['gender'],
                                    transfo...
dtype: int64}]))),
                ('onehot_encoding',
                 TransformerWrapper(include=['age', 'edu_level', 'fav_animals',
                                             'fav_place'],
                                    transformer=OneHotEncoder(cols=['age',
                                                                    'edu_level',
                                                                    'fav_animals',
                                                                    'fav_place'],
                                                              handle_missing='return_nan',
                                                              use_cat_names=True))),
                ('normalize', TransformerWrapper(transformer=StandardScaler())),
                ('trained_model', KMeans(n_clusters=3, random_state=123))]), ml_usecase=None)
2025-08-08 21:32:31,647:INFO:Set up data.
2025-08-08 21:40:13,489:WARNING:
'cuml' is a soft dependency and not included in the pycaret installation. Please run: `pip install cuml` to install.
2025-08-08 21:40:13,505:WARNING:
'cuml' is a soft dependency and not included in the pycaret installation. Please run: `pip install cuml` to install.
2025-08-08 21:40:13,505:WARNING:
'cuml' is a soft dependency and not included in the pycaret installation. Please run: `pip install cuml` to install.
2025-08-08 21:40:13,505:WARNING:
'cuml' is a soft dependency and not included in the pycaret installation. Please run: `pip install cuml` to install.
2025-08-08 21:40:18,854:INFO:Initializing load_model()
2025-08-08 21:40:18,870:INFO:load_model(model_name=welcome_survey_clustering_pipeline_v2, platform=None, authentication=None, verbose=True)
2025-08-08 21:40:19,176:INFO:Initializing predict_model()
2025-08-08 21:40:19,176:INFO:predict_model(self=<pycaret.clustering.oop.ClusteringExperiment object at 0x000001F85E4850D0>, estimator=Pipeline(memory=Memory(location=None),
         steps=[('numerical_imputer',
                 TransformerWrapper(include=[], transformer=SimpleImputer())),
                ('categorical_imputer',
                 TransformerWrapper(include=['age', 'edu_level', 'fav_animals',
                                             'fav_place', 'gender'],
                                    transformer=SimpleImputer(strategy='most_frequent'))),
                ('ordinal_encoding',
                 TransformerWrapper(include=['gender'],
                                    transfo...
dtype: int64}]))),
                ('onehot_encoding',
                 TransformerWrapper(include=['age', 'edu_level', 'fav_animals',
                                             'fav_place'],
                                    transformer=OneHotEncoder(cols=['age',
                                                                    'edu_level',
                                                                    'fav_animals',
                                                                    'fav_place'],
                                                              handle_missing='return_nan',
                                                              use_cat_names=True))),
                ('normalize', TransformerWrapper(transformer=StandardScaler())),
                ('trained_model', KMeans(n_clusters=3, random_state=123))]), ml_usecase=None)
2025-08-08 21:40:19,176:INFO:Set up data.
2025-08-08 21:40:19,637:INFO:Initializing predict_model()
2025-08-08 21:40:19,637:INFO:predict_model(self=<pycaret.clustering.oop.ClusteringExperiment object at 0x000001F85B9324D0>, estimator=Pipeline(memory=Memory(location=None),
         steps=[('numerical_imputer',
                 TransformerWrapper(include=[], transformer=SimpleImputer())),
                ('categorical_imputer',
                 TransformerWrapper(include=['age', 'edu_level', 'fav_animals',
                                             'fav_place', 'gender'],
                                    transformer=SimpleImputer(strategy='most_frequent'))),
                ('ordinal_encoding',
                 TransformerWrapper(include=['gender'],
                                    transfo...
dtype: int64}]))),
                ('onehot_encoding',
                 TransformerWrapper(include=['age', 'edu_level', 'fav_animals',
                                             'fav_place'],
                                    transformer=OneHotEncoder(cols=['age',
                                                                    'edu_level',
                                                                    'fav_animals',
                                                                    'fav_place'],
                                                              handle_missing='return_nan',
                                                              use_cat_names=True))),
                ('normalize', TransformerWrapper(transformer=StandardScaler())),
                ('trained_model', KMeans(n_clusters=3, random_state=123))]), ml_usecase=None)
2025-08-08 21:40:19,642:INFO:Set up data.
2025-08-08 21:46:30,165:WARNING:
'cuml' is a soft dependency and not included in the pycaret installation. Please run: `pip install cuml` to install.
2025-08-08 21:46:30,165:WARNING:
'cuml' is a soft dependency and not included in the pycaret installation. Please run: `pip install cuml` to install.
2025-08-08 21:46:30,165:WARNING:
'cuml' is a soft dependency and not included in the pycaret installation. Please run: `pip install cuml` to install.
2025-08-08 21:46:30,165:WARNING:
'cuml' is a soft dependency and not included in the pycaret installation. Please run: `pip install cuml` to install.
2025-08-08 21:46:35,786:INFO:Initializing load_model()
2025-08-08 21:46:35,786:INFO:load_model(model_name=welcome_survey_clustering_pipeline_v2, platform=None, authentication=None, verbose=True)
2025-08-08 21:46:36,251:INFO:Initializing predict_model()
2025-08-08 21:46:36,251:INFO:predict_model(self=<pycaret.clustering.oop.ClusteringExperiment object at 0x00000290C9ED0F10>, estimator=Pipeline(memory=Memory(location=None),
         steps=[('numerical_imputer',
                 TransformerWrapper(include=[], transformer=SimpleImputer())),
                ('categorical_imputer',
                 TransformerWrapper(include=['age', 'edu_level', 'fav_animals',
                                             'fav_place', 'gender'],
                                    transformer=SimpleImputer(strategy='most_frequent'))),
                ('ordinal_encoding',
                 TransformerWrapper(include=['gender'],
                                    transfo...
dtype: int64}]))),
                ('onehot_encoding',
                 TransformerWrapper(include=['age', 'edu_level', 'fav_animals',
                                             'fav_place'],
                                    transformer=OneHotEncoder(cols=['age',
                                                                    'edu_level',
                                                                    'fav_animals',
                                                                    'fav_place'],
                                                              handle_missing='return_nan',
                                                              use_cat_names=True))),
                ('normalize', TransformerWrapper(transformer=StandardScaler())),
                ('trained_model', KMeans(n_clusters=3, random_state=123))]), ml_usecase=None)
2025-08-08 21:46:36,251:INFO:Set up data.
2025-08-08 21:46:36,767:INFO:Initializing predict_model()
2025-08-08 21:46:36,767:INFO:predict_model(self=<pycaret.clustering.oop.ClusteringExperiment object at 0x00000290C9948190>, estimator=Pipeline(memory=Memory(location=None),
         steps=[('numerical_imputer',
                 TransformerWrapper(include=[], transformer=SimpleImputer())),
                ('categorical_imputer',
                 TransformerWrapper(include=['age', 'edu_level', 'fav_animals',
                                             'fav_place', 'gender'],
                                    transformer=SimpleImputer(strategy='most_frequent'))),
                ('ordinal_encoding',
                 TransformerWrapper(include=['gender'],
                                    transfo...
dtype: int64}]))),
                ('onehot_encoding',
                 TransformerWrapper(include=['age', 'edu_level', 'fav_animals',
                                             'fav_place'],
                                    transformer=OneHotEncoder(cols=['age',
                                                                    'edu_level',
                                                                    'fav_animals',
                                                                    'fav_place'],
                                                              handle_missing='return_nan',
                                                              use_cat_names=True))),
                ('normalize', TransformerWrapper(transformer=StandardScaler())),
                ('trained_model', KMeans(n_clusters=3, random_state=123))]), ml_usecase=None)
2025-08-08 21:46:36,769:INFO:Set up data.
2025-08-08 21:48:40,380:WARNING:
'cuml' is a soft dependency and not included in the pycaret installation. Please run: `pip install cuml` to install.
2025-08-08 21:48:40,380:WARNING:
'cuml' is a soft dependency and not included in the pycaret installation. Please run: `pip install cuml` to install.
2025-08-08 21:48:40,380:WARNING:
'cuml' is a soft dependency and not included in the pycaret installation. Please run: `pip install cuml` to install.
2025-08-08 21:48:40,380:WARNING:
'cuml' is a soft dependency and not included in the pycaret installation. Please run: `pip install cuml` to install.
2025-08-08 21:48:45,357:INFO:Initializing load_model()
2025-08-08 21:48:45,357:INFO:load_model(model_name=welcome_survey_clustering_pipeline_v2, platform=None, authentication=None, verbose=True)
2025-08-10 11:54:56,886:WARNING:
'cuml' is a soft dependency and not included in the pycaret installation. Please run: `pip install cuml` to install.
2025-08-10 11:54:56,886:WARNING:
'cuml' is a soft dependency and not included in the pycaret installation. Please run: `pip install cuml` to install.
2025-08-10 11:54:56,886:WARNING:
'cuml' is a soft dependency and not included in the pycaret installation. Please run: `pip install cuml` to install.
2025-08-10 11:54:56,886:WARNING:
'cuml' is a soft dependency and not included in the pycaret installation. Please run: `pip install cuml` to install.
2025-08-10 11:54:57,810:INFO:PyCaret ClusteringExperiment
2025-08-10 11:54:57,811:INFO:Logging name: cluster-default-name
2025-08-10 11:54:57,812:INFO:ML Usecase: MLUsecase.CLUSTERING
2025-08-10 11:54:57,814:INFO:version 3.3.2
2025-08-10 11:54:57,814:INFO:Initializing setup()
2025-08-10 11:54:57,814:INFO:self.USI: 11e4
2025-08-10 11:54:57,814:INFO:self._variable_keys: {'exp_name_log', '_ml_usecase', 'X', 'n_jobs_param', 'logging_param', 'pipeline', 'memory', 'data', 'gpu_n_jobs_param', 'USI', 'idx', '_available_plots', 'log_plots_param', 'seed', 'gpu_param', 'html_param', 'exp_id'}
2025-08-10 11:54:57,814:INFO:Checking environment
2025-08-10 11:54:57,814:INFO:python_version: 3.11.11
2025-08-10 11:54:57,814:INFO:python_build: ('main', 'Dec 11 2024 16:34:19')
2025-08-10 11:54:57,814:INFO:machine: AMD64
2025-08-10 11:54:57,849:INFO:platform: Windows-10-10.0.26100-SP0
2025-08-10 11:54:57,849:INFO:Memory: svmem(total=16849293312, available=1941721088, percent=88.5, used=14907572224, free=1941721088)
2025-08-10 11:54:57,850:INFO:Physical Core: 10
2025-08-10 11:54:57,850:INFO:Logical Core: 12
2025-08-10 11:54:57,850:INFO:Checking libraries
2025-08-10 11:54:57,850:INFO:System:
2025-08-10 11:54:57,850:INFO:    python: 3.11.11 | packaged by Anaconda, Inc. | (main, Dec 11 2024, 16:34:19) [MSC v.1929 64 bit (AMD64)]
2025-08-10 11:54:57,850:INFO:executable: C:\Users\baxiu\miniconda3\envs\od_zera_do_ai\python.exe
2025-08-10 11:54:57,850:INFO:   machine: Windows-10-10.0.26100-SP0
2025-08-10 11:54:57,850:INFO:PyCaret required dependencies:
2025-08-10 11:54:57,906:INFO:                 pip: 25.1.1
2025-08-10 11:54:57,906:INFO:          setuptools: 80.9.0
2025-08-10 11:54:57,906:INFO:             pycaret: 3.3.2
2025-08-10 11:54:57,906:INFO:             IPython: 8.30.0
2025-08-10 11:54:57,906:INFO:          ipywidgets: 8.1.5
2025-08-10 11:54:57,906:INFO:                tqdm: 4.67.1
2025-08-10 11:54:57,906:INFO:               numpy: 1.26.4
2025-08-10 11:54:57,906:INFO:              pandas: 1.5.3
2025-08-10 11:54:57,906:INFO:              jinja2: 3.1.6
2025-08-10 11:54:57,906:INFO:               scipy: 1.11.4
2025-08-10 11:54:57,906:INFO:              joblib: 1.5.1
2025-08-10 11:54:57,906:INFO:             sklearn: 1.4.2
2025-08-10 11:54:57,906:INFO:                pyod: 1.1.3
2025-08-10 11:54:57,906:INFO:            imblearn: 0.13.0
2025-08-10 11:54:57,906:INFO:   category_encoders: 2.6.3
2025-08-10 11:54:57,906:INFO:            lightgbm: 4.6.0
2025-08-10 11:54:57,906:INFO:               numba: 0.61.0
2025-08-10 11:54:57,906:INFO:            requests: 2.32.3
2025-08-10 11:54:57,906:INFO:          matplotlib: 3.9.2
2025-08-10 11:54:57,906:INFO:          scikitplot: 0.3.7
2025-08-10 11:54:57,906:INFO:         yellowbrick: 1.5
2025-08-10 11:54:57,906:INFO:              plotly: 5.24.1
2025-08-10 11:54:57,906:INFO:    plotly-resampler: Not installed
2025-08-10 11:54:57,906:INFO:             kaleido: 0.2.1
2025-08-10 11:54:57,906:INFO:           schemdraw: 0.15
2025-08-10 11:54:57,906:INFO:         statsmodels: 0.14.4
2025-08-10 11:54:57,906:INFO:              sktime: 0.26.0
2025-08-10 11:54:57,906:INFO:               tbats: 1.1.3
2025-08-10 11:54:57,906:INFO:            pmdarima: 2.0.4
2025-08-10 11:54:57,906:INFO:              psutil: 5.9.0
2025-08-10 11:54:57,906:INFO:          markupsafe: 3.0.2
2025-08-10 11:54:57,906:INFO:             pickle5: Not installed
2025-08-10 11:54:57,906:INFO:         cloudpickle: 3.1.1
2025-08-10 11:54:57,906:INFO:         deprecation: 2.1.0
2025-08-10 11:54:57,906:INFO:              xxhash: 3.5.0
2025-08-10 11:54:57,906:INFO:           wurlitzer: 3.1.1
2025-08-10 11:54:57,906:INFO:PyCaret optional dependencies:
2025-08-10 11:54:57,906:INFO:                shap: Not installed
2025-08-10 11:54:57,906:INFO:           interpret: Not installed
2025-08-10 11:54:57,906:INFO:                umap: Not installed
2025-08-10 11:54:57,906:INFO:     ydata_profiling: 4.16.1
2025-08-10 11:54:57,906:INFO:  explainerdashboard: Not installed
2025-08-10 11:54:57,906:INFO:             autoviz: Not installed
2025-08-10 11:54:57,906:INFO:           fairlearn: Not installed
2025-08-10 11:54:57,906:INFO:          deepchecks: Not installed
2025-08-10 11:54:57,906:INFO:             xgboost: Not installed
2025-08-10 11:54:57,906:INFO:            catboost: Not installed
2025-08-10 11:54:57,906:INFO:              kmodes: Not installed
2025-08-10 11:54:57,906:INFO:             mlxtend: Not installed
2025-08-10 11:54:57,906:INFO:       statsforecast: Not installed
2025-08-10 11:54:57,906:INFO:        tune_sklearn: Not installed
2025-08-10 11:54:57,906:INFO:                 ray: Not installed
2025-08-10 11:54:57,906:INFO:            hyperopt: Not installed
2025-08-10 11:54:57,906:INFO:              optuna: Not installed
2025-08-10 11:54:57,906:INFO:               skopt: Not installed
2025-08-10 11:54:57,906:INFO:              mlflow: Not installed
2025-08-10 11:54:57,906:INFO:              gradio: Not installed
2025-08-10 11:54:57,906:INFO:             fastapi: Not installed
2025-08-10 11:54:57,906:INFO:             uvicorn: Not installed
2025-08-10 11:54:57,906:INFO:              m2cgen: Not installed
2025-08-10 11:54:57,906:INFO:           evidently: Not installed
2025-08-10 11:54:57,906:INFO:               fugue: Not installed
2025-08-10 11:54:57,906:INFO:           streamlit: 1.47.0
2025-08-10 11:54:57,906:INFO:             prophet: Not installed
2025-08-10 11:54:57,906:INFO:None
2025-08-10 11:54:57,906:INFO:Set up data.
2025-08-10 11:54:57,906:INFO:Set up index.
2025-08-10 11:54:57,906:INFO:Assigning column types.
2025-08-10 11:54:57,906:INFO:Engine successfully changes for model 'kmeans' to 'sklearn'.
2025-08-10 11:54:57,906:INFO:Engine for model 'dbscan' has not been set explicitly, hence returning None.
2025-08-10 11:54:57,906:WARNING:
'kmodes' is a soft dependency and not included in the pycaret installation. Please run: `pip install kmodes` to install.
Alternately, you can install this by running `pip install pycaret[models]`
2025-08-10 11:54:57,906:INFO:Engine for model 'dbscan' has not been set explicitly, hence returning None.
2025-08-10 11:54:57,906:WARNING:
'kmodes' is a soft dependency and not included in the pycaret installation. Please run: `pip install kmodes` to install.
Alternately, you can install this by running `pip install pycaret[models]`
2025-08-10 11:54:57,906:INFO:Engine successfully changes for model 'dbscan' to 'sklearn'.
2025-08-10 11:54:57,922:WARNING:
'kmodes' is a soft dependency and not included in the pycaret installation. Please run: `pip install kmodes` to install.
Alternately, you can install this by running `pip install pycaret[models]`
2025-08-10 11:54:57,922:WARNING:
'kmodes' is a soft dependency and not included in the pycaret installation. Please run: `pip install kmodes` to install.
Alternately, you can install this by running `pip install pycaret[models]`
2025-08-10 11:54:57,922:INFO:Preparing preprocessing pipeline...
2025-08-10 11:54:57,922:INFO:Set up simple imputation.
2025-08-10 11:54:57,922:INFO:Set up encoding of ordinal features.
2025-08-10 11:54:57,922:INFO:Set up encoding of categorical features.
2025-08-10 11:54:57,922:INFO:Set up feature normalization.
2025-08-10 11:54:57,986:INFO:Finished creating preprocessing pipeline.
2025-08-10 11:54:58,011:INFO:Pipeline: Pipeline(memory=FastMemory(location=C:\Users\baxiu\AppData\Local\Temp\joblib),
         steps=[('numerical_imputer',
                 TransformerWrapper(include=[], transformer=SimpleImputer())),
                ('categorical_imputer',
                 TransformerWrapper(include=['age', 'edu_level', 'fav_animals',
                                             'fav_place', 'gender'],
                                    transformer=SimpleImputer(strategy='most_frequent'))),
                ('ordinal_encoding',
                 Trans...
                                                                         'data_type': dtype('O'),
                                                                         'mapping': Kobieta      0
M轅czyzna    1
NaN         -1
dtype: int64}]))),
                ('onehot_encoding',
                 TransformerWrapper(include=['age', 'edu_level', 'fav_animals',
                                             'fav_place'],
                                    transformer=OneHotEncoder(cols=['age',
                                                                    'edu_level',
                                                                    'fav_animals',
                                                                    'fav_place'],
                                                              handle_missing='return_nan',
                                                              use_cat_names=True))),
                ('normalize',
                 TransformerWrapper(transformer=StandardScaler()))])
2025-08-10 11:54:58,011:INFO:Creating final display dataframe.
2025-08-10 11:54:58,054:INFO:Setup _display_container:                  Description                 Value
0                 Session id                   123
1        Original data shape              (229, 5)
2     Transformed data shape             (229, 21)
3       Categorical features                     5
4   Rows with missing values                 13.1%
5                 Preprocess                  True
6            Imputation type                simple
7         Numeric imputation                  mean
8     Categorical imputation                  mode
9   Maximum one-hot encoding                    -1
10           Encoding method                  None
11                 Normalize                  True
12          Normalize method                zscore
13                  CPU Jobs                    -1
14                   Use GPU                 False
15            Log Experiment                 False
16           Experiment Name  cluster-default-name
17                       USI                  11e4
2025-08-10 11:54:58,057:WARNING:
'kmodes' is a soft dependency and not included in the pycaret installation. Please run: `pip install kmodes` to install.
Alternately, you can install this by running `pip install pycaret[models]`
2025-08-10 11:54:58,057:WARNING:
'kmodes' is a soft dependency and not included in the pycaret installation. Please run: `pip install kmodes` to install.
Alternately, you can install this by running `pip install pycaret[models]`
2025-08-10 11:54:58,058:INFO:setup() successfully completed in 0.26s...............
2025-08-10 11:54:58,058:INFO:Initializing create_model()
2025-08-10 11:54:58,058:INFO:create_model(self=<pycaret.clustering.oop.ClusteringExperiment object at 0x000001EBB675D690>, estimator=kmeans, num_clusters=8, fraction=0.05, ground_truth=None, round=4, fit_kwargs=None, experiment_custom_tags=None, verbose=True, system=True, add_to_model_list=True, raise_num_clusters=False, display=None, kwargs={})
2025-08-10 11:54:58,058:INFO:Checking exceptions
2025-08-10 11:54:58,105:INFO:Importing untrained model
2025-08-10 11:54:58,105:INFO:K-Means Clustering Imported successfully
2025-08-10 11:54:58,106:INFO:Fitting Model
2025-08-10 11:54:58,148:WARNING:C:\Users\baxiu\miniconda3\envs\od_zera_do_ai\Lib\site-packages\joblib\externals\loky\backend\context.py:110: UserWarning: Could not find the number of physical cores for the following reason:
[WinError 2] Nie mo퓆a odnale잍 okre쐋onego pliku
Returning the number of logical cores instead. You can silence this warning by setting LOKY_MAX_CPU_COUNT to the number of cores you want to use.
  warnings.warn(

2025-08-10 11:54:58,150:WARNING:  File "C:\Users\baxiu\miniconda3\envs\od_zera_do_ai\Lib\site-packages\joblib\externals\loky\backend\context.py", line 199, in _count_physical_cores
2025-08-10 11:54:58,151:WARNING:    cpu_info = subprocess.run(
2025-08-10 11:54:58,151:WARNING:               ^^^^^^^^^^^^^^^
2025-08-10 11:54:58,151:WARNING:  File "C:\Users\baxiu\miniconda3\envs\od_zera_do_ai\Lib\subprocess.py", line 548, in run
2025-08-10 11:54:58,153:WARNING:    with Popen(*popenargs, **kwargs) as process:
2025-08-10 11:54:58,153:WARNING:         ^^^^^^^^^^^^^^^^^^^^^^^^^^^
2025-08-10 11:54:58,154:WARNING:  File "C:\Users\baxiu\miniconda3\envs\od_zera_do_ai\Lib\subprocess.py", line 1026, in __init__
2025-08-10 11:54:58,154:WARNING:    self._execute_child(args, executable, preexec_fn, close_fds,
2025-08-10 11:54:58,155:WARNING:  File "C:\Users\baxiu\miniconda3\envs\od_zera_do_ai\Lib\subprocess.py", line 1538, in _execute_child
2025-08-10 11:54:58,155:WARNING:    hp, ht, pid, tid = _winapi.CreateProcess(executable, args,
2025-08-10 11:54:58,155:WARNING:                       ^^^^^^^^^^^^^^^^^^^^^^^^^^^^^^^^^^^^^^^
2025-08-10 11:54:58,232:WARNING:C:\Users\baxiu\miniconda3\envs\od_zera_do_ai\Lib\site-packages\sklearn\cluster\_kmeans.py:1446: UserWarning: KMeans is known to have a memory leak on Windows with MKL, when there are less chunks than available threads. You can avoid it by setting the environment variable OMP_NUM_THREADS=1.
  warnings.warn(

2025-08-10 11:54:58,282:INFO:KMeans(random_state=123)
2025-08-10 11:54:58,283:INFO:create_models() successfully completed......................................
2025-08-10 11:54:58,283:INFO:Uploading results into container
2025-08-10 11:54:58,286:INFO:Uploading model into container now
2025-08-10 11:54:58,294:INFO:_master_model_container: 1
2025-08-10 11:54:58,294:INFO:_display_container: 2
2025-08-10 11:54:58,295:INFO:KMeans(random_state=123)
2025-08-10 11:54:58,295:INFO:create_model() successfully completed......................................
2025-08-10 11:54:58,358:INFO:Initializing assign_model()
2025-08-10 11:54:58,372:INFO:assign_model(self=<pycaret.clustering.oop.ClusteringExperiment object at 0x000001EBB675D690>, model=KMeans(random_state=123), transformation=False, score=True, verbose=True)
2025-08-10 11:54:58,372:INFO:Checking exceptions
2025-08-10 11:54:58,372:INFO:Determining Trained Model
2025-08-10 11:54:58,372:INFO:Trained Model : K-Means Clustering
2025-08-10 11:54:58,372:INFO:Copying data
2025-08-10 11:54:58,372:INFO:(229, 6)
2025-08-10 11:54:58,372:INFO:assign_model() successfully completed......................................
2025-08-10 11:54:58,389:INFO:Initializing save_model()
2025-08-10 11:54:58,389:INFO:save_model(model=KMeans(random_state=123), model_name=welcome_survey_clustering_pipeline_v2, prep_pipe_=Pipeline(memory=FastMemory(location=C:\Users\baxiu\AppData\Local\Temp\joblib),
         steps=[('numerical_imputer',
                 TransformerWrapper(include=[], transformer=SimpleImputer())),
                ('categorical_imputer',
                 TransformerWrapper(include=['age', 'edu_level', 'fav_animals',
                                             'fav_place', 'gender'],
                                    transformer=SimpleImputer(strategy='most_frequent'))),
                ('ordinal_encoding',
                 Trans...
                                                                         'data_type': dtype('O'),
                                                                         'mapping': Kobieta      0
M轅czyzna    1
NaN         -1
dtype: int64}]))),
                ('onehot_encoding',
                 TransformerWrapper(include=['age', 'edu_level', 'fav_animals',
                                             'fav_place'],
                                    transformer=OneHotEncoder(cols=['age',
                                                                    'edu_level',
                                                                    'fav_animals',
                                                                    'fav_place'],
                                                              handle_missing='return_nan',
                                                              use_cat_names=True))),
                ('normalize',
                 TransformerWrapper(transformer=StandardScaler()))]), verbose=True, use_case=MLUsecase.CLUSTERING, kwargs={})
2025-08-10 11:54:58,389:INFO:Adding model into prep_pipe
2025-08-10 11:54:58,397:INFO:welcome_survey_clustering_pipeline_v2.pkl saved in current working directory
2025-08-10 11:54:58,423:INFO:Pipeline(memory=Memory(location=None),
         steps=[('numerical_imputer',
                 TransformerWrapper(include=[], transformer=SimpleImputer())),
                ('categorical_imputer',
                 TransformerWrapper(include=['age', 'edu_level', 'fav_animals',
                                             'fav_place', 'gender'],
                                    transformer=SimpleImputer(strategy='most_frequent'))),
                ('ordinal_encoding',
                 TransformerWrapper(include=['gender'],
                                    transfo...
M轅czyzna    1
NaN         -1
dtype: int64}]))),
                ('onehot_encoding',
                 TransformerWrapper(include=['age', 'edu_level', 'fav_animals',
                                             'fav_place'],
                                    transformer=OneHotEncoder(cols=['age',
                                                                    'edu_level',
                                                                    'fav_animals',
                                                                    'fav_place'],
                                                              handle_missing='return_nan',
                                                              use_cat_names=True))),
                ('normalize', TransformerWrapper(transformer=StandardScaler())),
                ('trained_model', KMeans(random_state=123))])
2025-08-10 11:54:58,423:INFO:save_model() successfully completed......................................
